<?xml version="1.0" encoding="UTF-8"?>
<testng-results ignored="0" total="2" passed="2" failed="0" skipped="0">
  <reporter-output>
  </reporter-output>
  <suite started-at="2025-01-12T17:39:35 IST" name="Master Suite" finished-at="2025-01-12T17:39:58 IST" duration-ms="22560">
    <groups>
      <group name="regression">
        <method signature="TC001_UserRegister.verifyAccountRegister()[pri:0, instance:com.qa.rahulshetty.testCases.TC001_UserRegister@51fadaff]" name="verifyAccountRegister" class="com.qa.rahulshetty.testCases.TC001_UserRegister"/>
      </group> <!-- regression -->
      <group name="sanity">
        <method signature="TC002_LoginTest.verifyLogin()[pri:0, instance:com.qa.rahulshetty.testCases.TC002_LoginTest@2c78d320]" name="verifyLogin" class="com.qa.rahulshetty.testCases.TC002_LoginTest"/>
      </group> <!-- sanity -->
      <group name="master">
        <method signature="TC001_UserRegister.verifyAccountRegister()[pri:0, instance:com.qa.rahulshetty.testCases.TC001_UserRegister@51fadaff]" name="verifyAccountRegister" class="com.qa.rahulshetty.testCases.TC001_UserRegister"/>
        <method signature="TC002_LoginTest.verifyLogin()[pri:0, instance:com.qa.rahulshetty.testCases.TC002_LoginTest@2c78d320]" name="verifyLogin" class="com.qa.rahulshetty.testCases.TC002_LoginTest"/>
      </group> <!-- master -->
    </groups>
    <test started-at="2025-01-12T17:39:35 IST" name="Test" finished-at="2025-01-12T17:39:58 IST" duration-ms="22560">
      <class name="com.qa.rahulshetty.testCases.TC002_LoginTest">
        <test-method is-config="true" signature="setup(java.lang.String,java.lang.String)[pri:0, instance:com.qa.rahulshetty.testCases.TC002_LoginTest@2c78d320]" started-at="2025-01-12T17:39:50 IST" name="setup" finished-at="2025-01-12T17:39:56 IST" duration-ms="5720" status="PASS">
          <params>
            <param index="0">
              <value>
                <![CDATA[Windows]]>
              </value>
            </param>
            <param index="1">
              <value>
                <![CDATA[chrome]]>
              </value>
            </param>
          </params>
          <reporter-output>
          </reporter-output>
        </test-method> <!-- setup -->
        <test-method signature="verifyLogin()[pri:0, instance:com.qa.rahulshetty.testCases.TC002_LoginTest@2c78d320]" started-at="2025-01-12T17:39:56 IST" name="verifyLogin" finished-at="2025-01-12T17:39:57 IST" duration-ms="1751" status="PASS">
          <reporter-output>
          </reporter-output>
        </test-method> <!-- verifyLogin -->
        <test-method is-config="true" signature="tearDown()[pri:0, instance:com.qa.rahulshetty.testCases.TC002_LoginTest@2c78d320]" started-at="2025-01-12T17:39:57 IST" name="tearDown" finished-at="2025-01-12T17:39:58 IST" duration-ms="228" status="PASS">
          <reporter-output>
          </reporter-output>
        </test-method> <!-- tearDown -->
      </class> <!-- com.qa.rahulshetty.testCases.TC002_LoginTest -->
      <class name="com.qa.rahulshetty.testCases.TC001_UserRegister">
        <test-method is-config="true" signature="setup(java.lang.String,java.lang.String)[pri:0, instance:com.qa.rahulshetty.testCases.TC001_UserRegister@51fadaff]" started-at="2025-01-12T17:39:35 IST" name="setup" finished-at="2025-01-12T17:39:45 IST" duration-ms="10240" status="PASS">
          <params>
            <param index="0">
              <value>
                <![CDATA[Windows]]>
              </value>
            </param>
            <param index="1">
              <value>
                <![CDATA[chrome]]>
              </value>
            </param>
          </params>
          <reporter-output>
          </reporter-output>
        </test-method> <!-- setup -->
        <test-method signature="verifyAccountRegister()[pri:0, instance:com.qa.rahulshetty.testCases.TC001_UserRegister@51fadaff]" started-at="2025-01-12T17:39:45 IST" name="verifyAccountRegister" finished-at="2025-01-12T17:39:50 IST" duration-ms="4065" status="PASS">
          <reporter-output>
          </reporter-output>
        </test-method> <!-- verifyAccountRegister -->
        <test-method is-config="true" signature="tearDown()[pri:0, instance:com.qa.rahulshetty.testCases.TC001_UserRegister@51fadaff]" started-at="2025-01-12T17:39:50 IST" name="tearDown" finished-at="2025-01-12T17:39:50 IST" duration-ms="329" status="PASS">
          <reporter-output>
          </reporter-output>
        </test-method> <!-- tearDown -->
      </class> <!-- com.qa.rahulshetty.testCases.TC001_UserRegister -->
    </test> <!-- Test -->
  </suite> <!-- Master Suite -->
</testng-results>
