<?xml version="1.0" encoding="UTF-8"?>
<testng-results ignored="0" total="2" passed="2" failed="0" skipped="0">
  <reporter-output>
  </reporter-output>
  <suite started-at="2025-01-12T12:31:57 IST" name="Master Suite" finished-at="2025-01-12T12:32:21 IST" duration-ms="24697">
    <groups>
      <group name="regression">
        <method signature="TC001_UserRegister.verifyAccountRegister()[pri:0, instance:com.qa.rahulshetty.testCases.TC001_UserRegister@673be18f]" name="verifyAccountRegister" class="com.qa.rahulshetty.testCases.TC001_UserRegister"/>
      </group> <!-- regression -->
      <group name="sanity">
        <method signature="TC002_LoginTest.verifyLogin()[pri:0, instance:com.qa.rahulshetty.testCases.TC002_LoginTest@77128536]" name="verifyLogin" class="com.qa.rahulshetty.testCases.TC002_LoginTest"/>
      </group> <!-- sanity -->
      <group name="master">
        <method signature="TC001_UserRegister.verifyAccountRegister()[pri:0, instance:com.qa.rahulshetty.testCases.TC001_UserRegister@673be18f]" name="verifyAccountRegister" class="com.qa.rahulshetty.testCases.TC001_UserRegister"/>
        <method signature="TC002_LoginTest.verifyLogin()[pri:0, instance:com.qa.rahulshetty.testCases.TC002_LoginTest@77128536]" name="verifyLogin" class="com.qa.rahulshetty.testCases.TC002_LoginTest"/>
      </group> <!-- master -->
    </groups>
    <test started-at="2025-01-12T12:31:57 IST" name="Test" finished-at="2025-01-12T12:32:21 IST" duration-ms="24697">
      <class name="com.qa.rahulshetty.testCases.TC002_LoginTest">
        <test-method is-config="true" signature="setup(java.lang.String,java.lang.String)[pri:0, instance:com.qa.rahulshetty.testCases.TC002_LoginTest@77128536]" started-at="2025-01-12T12:32:17 IST" name="setup" finished-at="2025-01-12T12:32:20 IST" duration-ms="2596" status="PASS">
          <params>
            <param index="0">
              <value>
                <![CDATA[Windows]]>
              </value>
            </param>
            <param index="1">
              <value>
                <![CDATA[chrome]]>
              </value>
            </param>
          </params>
          <reporter-output>
          </reporter-output>
        </test-method> <!-- setup -->
        <test-method signature="verifyLogin()[pri:0, instance:com.qa.rahulshetty.testCases.TC002_LoginTest@77128536]" started-at="2025-01-12T12:32:20 IST" name="verifyLogin" finished-at="2025-01-12T12:32:21 IST" duration-ms="1140" status="PASS">
          <reporter-output>
          </reporter-output>
        </test-method> <!-- verifyLogin -->
        <test-method is-config="true" signature="tearDown()[pri:0, instance:com.qa.rahulshetty.testCases.TC002_LoginTest@77128536]" started-at="2025-01-12T12:32:21 IST" name="tearDown" finished-at="2025-01-12T12:32:21 IST" duration-ms="349" status="PASS">
          <reporter-output>
          </reporter-output>
        </test-method> <!-- tearDown -->
      </class> <!-- com.qa.rahulshetty.testCases.TC002_LoginTest -->
      <class name="com.qa.rahulshetty.testCases.TC001_UserRegister">
        <test-method is-config="true" signature="setup(java.lang.String,java.lang.String)[pri:0, instance:com.qa.rahulshetty.testCases.TC001_UserRegister@673be18f]" started-at="2025-01-12T12:31:57 IST" name="setup" finished-at="2025-01-12T12:32:13 IST" duration-ms="16765" status="PASS">
          <params>
            <param index="0">
              <value>
                <![CDATA[Windows]]>
              </value>
            </param>
            <param index="1">
              <value>
                <![CDATA[chrome]]>
              </value>
            </param>
          </params>
          <reporter-output>
          </reporter-output>
        </test-method> <!-- setup -->
        <test-method signature="verifyAccountRegister()[pri:0, instance:com.qa.rahulshetty.testCases.TC001_UserRegister@673be18f]" started-at="2025-01-12T12:32:13 IST" name="verifyAccountRegister" finished-at="2025-01-12T12:32:17 IST" duration-ms="3297" status="PASS">
          <reporter-output>
          </reporter-output>
        </test-method> <!-- verifyAccountRegister -->
        <test-method is-config="true" signature="tearDown()[pri:0, instance:com.qa.rahulshetty.testCases.TC001_UserRegister@673be18f]" started-at="2025-01-12T12:32:17 IST" name="tearDown" finished-at="2025-01-12T12:32:17 IST" duration-ms="434" status="PASS">
          <reporter-output>
          </reporter-output>
        </test-method> <!-- tearDown -->
      </class> <!-- com.qa.rahulshetty.testCases.TC001_UserRegister -->
    </test> <!-- Test -->
  </suite> <!-- Master Suite -->
</testng-results>
