<?xml version="1.0" encoding="UTF-8"?>
<testng-results ignored="0" total="2" passed="2" failed="0" skipped="0">
  <reporter-output>
  </reporter-output>
  <suite started-at="2025-01-10T07:17:25 IST" name="Master Suite" finished-at="2025-01-10T07:17:44 IST" duration-ms="19277">
    <groups>
      <group name="regression">
        <method signature="TC001_UserRegister.verifyAccountRegister()[pri:0, instance:com.qa.rahulshetty.testCases.TC001_UserRegister@553f1d75]" name="verifyAccountRegister" class="com.qa.rahulshetty.testCases.TC001_UserRegister"/>
      </group> <!-- regression -->
      <group name="sanity">
        <method signature="TC002_LoginTest.verifyLogin()[pri:0, instance:com.qa.rahulshetty.testCases.TC002_LoginTest@56ace400]" name="verifyLogin" class="com.qa.rahulshetty.testCases.TC002_LoginTest"/>
      </group> <!-- sanity -->
      <group name="master">
        <method signature="TC001_UserRegister.verifyAccountRegister()[pri:0, instance:com.qa.rahulshetty.testCases.TC001_UserRegister@553f1d75]" name="verifyAccountRegister" class="com.qa.rahulshetty.testCases.TC001_UserRegister"/>
        <method signature="TC002_LoginTest.verifyLogin()[pri:0, instance:com.qa.rahulshetty.testCases.TC002_LoginTest@56ace400]" name="verifyLogin" class="com.qa.rahulshetty.testCases.TC002_LoginTest"/>
      </group> <!-- master -->
    </groups>
    <test started-at="2025-01-10T07:17:25 IST" name="Test" finished-at="2025-01-10T07:17:44 IST" duration-ms="19277">
      <class name="com.qa.rahulshetty.testCases.TC002_LoginTest">
        <test-method is-config="true" signature="setup(java.lang.String,java.lang.String)[pri:0, instance:com.qa.rahulshetty.testCases.TC002_LoginTest@56ace400]" started-at="2025-01-10T07:17:36 IST" name="setup" finished-at="2025-01-10T07:17:42 IST" duration-ms="5874" status="PASS">
          <params>
            <param index="0">
              <value>
                <![CDATA[Windows]]>
              </value>
            </param>
            <param index="1">
              <value>
                <![CDATA[chrome]]>
              </value>
            </param>
          </params>
          <reporter-output>
          </reporter-output>
        </test-method> <!-- setup -->
        <test-method signature="verifyLogin()[pri:0, instance:com.qa.rahulshetty.testCases.TC002_LoginTest@56ace400]" started-at="2025-01-10T07:17:42 IST" name="verifyLogin" finished-at="2025-01-10T07:17:44 IST" duration-ms="2190" status="PASS">
          <reporter-output>
          </reporter-output>
        </test-method> <!-- verifyLogin -->
        <test-method is-config="true" signature="tearDown()[pri:0, instance:com.qa.rahulshetty.testCases.TC002_LoginTest@56ace400]" started-at="2025-01-10T07:17:44 IST" name="tearDown" finished-at="2025-01-10T07:17:44 IST" duration-ms="1" status="PASS">
          <reporter-output>
          </reporter-output>
        </test-method> <!-- tearDown -->
      </class> <!-- com.qa.rahulshetty.testCases.TC002_LoginTest -->
      <class name="com.qa.rahulshetty.testCases.TC001_UserRegister">
        <test-method is-config="true" signature="setup(java.lang.String,java.lang.String)[pri:0, instance:com.qa.rahulshetty.testCases.TC001_UserRegister@553f1d75]" started-at="2025-01-10T07:17:25 IST" name="setup" finished-at="2025-01-10T07:17:33 IST" duration-ms="7643" status="PASS">
          <params>
            <param index="0">
              <value>
                <![CDATA[Windows]]>
              </value>
            </param>
            <param index="1">
              <value>
                <![CDATA[chrome]]>
              </value>
            </param>
          </params>
          <reporter-output>
          </reporter-output>
        </test-method> <!-- setup -->
        <test-method signature="verifyAccountRegister()[pri:0, instance:com.qa.rahulshetty.testCases.TC001_UserRegister@553f1d75]" started-at="2025-01-10T07:17:33 IST" name="verifyAccountRegister" finished-at="2025-01-10T07:17:36 IST" duration-ms="3344" status="PASS">
          <reporter-output>
          </reporter-output>
        </test-method> <!-- verifyAccountRegister -->
        <test-method is-config="true" signature="tearDown()[pri:0, instance:com.qa.rahulshetty.testCases.TC001_UserRegister@553f1d75]" started-at="2025-01-10T07:17:36 IST" name="tearDown" finished-at="2025-01-10T07:17:36 IST" duration-ms="0" status="PASS">
          <reporter-output>
          </reporter-output>
        </test-method> <!-- tearDown -->
      </class> <!-- com.qa.rahulshetty.testCases.TC001_UserRegister -->
    </test> <!-- Test -->
  </suite> <!-- Master Suite -->
</testng-results>
